<?xml version="1.0" encoding="ISO-8859-1" ?>
<!--
  ~ Copyright(C) (2023) Sapper Inc. (open.source at zyient dot io)
  ~
  ~ Licensed under the Apache License, Version 2.0 (the "License");
  ~ you may not use this file except in compliance with the License.
  ~ You may obtain a copy of the License at
  ~
  ~     http://www.apache.org/licenses/LICENSE-2.0
  ~
  ~ Unless required by applicable law or agreed to in writing, software
  ~ distributed under the License is distributed on an "AS IS" BASIS,
  ~ WITHOUT WARRANTIES OR CONDITIONS OF ANY KIND, either express or implied.
  ~ See the License for the specific language governing permissions and
  ~ limitations under the License.
  -->

<configuration>
    <env>
        <name>DEV</name>
        <module>TEST-SOLR-ENV</module>
        <instance>test-solr</instance>
        <source>persistence</source>

        <paths>
            <connections>config</connections>
            <registry>/test/registry</registry>
            <root>/test</root>
            <dataStores>persistence.dataStores</dataStores>
        </paths>
        <managers>
            <state>
                <stateManagerClass>io.zyient.core.persistence.env.DemoStateManager</stateManagerClass>
                <basePath>persistence</basePath>
                <connection>test-zk</connection>
            </state>
        </managers>
        <locks>
            <connection>test-zk</connection>
            <path>/test/registry</path>
        </locks>
        <keystore>
            <name>test-zk-keystore</name>
            <class>io.zyient.base.core.keystore.ZkKeyStore</class>
            <path>/io/zyient/test/keystore</path>
            <iv>e68250d0-a406-40c6-8b23-cfbffcbd4502</iv>
            <connection>
                <class>io.zyient.base.core.connections.common.ZookeeperConnection</class>
                <zookeeper>
                    <name>test-zk</name>
                    <connectionString>192.168.2.16:2181</connectionString>
                    <retry>
                        <interval>1500</interval>
                        <retries>5</retries>
                    </retry>
                    <connectionTimeout>10000</connectionTimeout>
                </zookeeper>
            </connection>
        </keystore>
        <enableHeartbeat>false</enableHeartbeat>
        <persistence>
            <dataStores>
                <zk>
                    <connection>test-zk</connection>
                    <path>/test/registry</path>
                </zk>
                <store>
                    <settings>
                        <class>io.zyient.core.persistence.impl.settings.solr.SolrDbSettings</class>
                    </settings>
                    <class>io.zyient.core.persistence.impl.solr.SolrDataStore</class>
                    <connection>
                        <name>test-db</name>
                        <class>io.zyient.core.persistence.impl.solr.SolrConnection</class>
                    </connection>
                    <name>test-solr</name>
                </store>
            </dataStores>
        </persistence>
        <config>
            <connections>
                <shared>
                    <connection>test-zk</connection>
                    <path>/test/env</path>
                </shared>
                <connection>
                    <class>io.zyient.base.core.connections.common.ZookeeperConnection</class>
                    <zookeeper>
                        <name>test-zk</name>
                        <!--connectionString>192.168.0.5:2181,192.168.0.4:2181</connectionString -->
                        <connectionString>192.168.2.16:2181,192.168.2.17:2181,192.168.2.18:2181</connectionString>
                        <retry>
                            <interval>1500</interval>
                            <retries>5</retries>
                        </retry>
                        <connectionTimeout>10000</connectionTimeout>
                    </zookeeper>
                </connection>
                <connection>
                    <class>io.zyient.core.persistence.impl.solr.SolrConnection</class>
                    <solr>
                        <name>test-db</name>
                        <client>Basic</client>
                        <urls>http://192.168.2.31:8983/solr</urls>
                    </solr>
                </connection>
            </connections>
        </config>
    </env>
</configuration>