<?xml version="1.0" encoding="ISO-8859-1" ?>
<!--
  ~ Copyright(C) (2023) Sapper Inc. (open.source at zyient dot io)
  ~
  ~ Licensed under the Apache License, Version 2.0 (the "License");
  ~ you may not use this file except in compliance with the License.
  ~ You may obtain a copy of the License at
  ~
  ~     http://www.apache.org/licenses/LICENSE-2.0
  ~
  ~ Unless required by applicable law or agreed to in writing, software
  ~ distributed under the License is distributed on an "AS IS" BASIS,
  ~ WITHOUT WARRANTIES OR CONDITIONS OF ANY KIND, either express or implied.
  ~ See the License for the specific language governing permissions and
  ~ limitations under the License.
  -->

<configuration>
    <mapping entity="io.zyient.base.core.mapping.model.Customer">
        <settings>
            <name>test-customer</name>
            <!--
            <currency>[ISO Currency Symbol]</currency>
            <format>
                <date>[Date Format String]</date>
            </format>
            <locale>[{Country Code}, {Language Code}]</locale>
            -->
        </settings>
        <map source="_id">
            <target>id.key</target>
            <nullable>false</nullable>
            <type>Field</type>
        </map>
        <map source="contactLastName">
            <target>contact.name.last</target>
            <type>Cached</type>
        </map>
        <map source="contactFirstName">
            <target>contact.name.first</target>
            <type>Cached</type>
        </map>
        <map source="phone">
            <target>contact.phoneNo</target>
            <nullable>false</nullable>
            <type>Field</type>
        </map>
        <map source="addressLine1">
            <target>contact.address.line1</target>
            <type>Cached</type>
        </map>
        <map source="addressLine2">
            <target>contact.address.line2</target>
            <type>Cached</type>
        </map>
        <map source="city">
            <target>contact.address.city</target>
            <nullable>false</nullable>
            <type>Field</type>
        </map>
        <map source="state">
            <target>contact.address.state</target>
            <type>Field</type>
        </map>
        <map source="postalCode">
            <target>contact.address.zipCode</target>
            <nullable>false</nullable>
            <type>Field</type>
        </map>
        <map source="country">
            <target>contact.address.country</target>
            <nullable>false</nullable>
            <type>Field</type>
        </map>
        <map source="creditLimit">
            <target>creditLimit</target>
            <type>Field</type>
        </map>
    </mapping>
</configuration>